2025-12-12 13:12:25 [info]: ::1 - - [12/Dec/2025:07:42:25 +0000] "POST /api/v1/auth/log-in HTTP/1.1" 200 444 "-" "PostmanRuntime/7.49.1"
2025-12-12 13:12:31 [info]: ::1 - - [12/Dec/2025:07:42:31 +0000] "POST /api/v1/auth/password/request-change HTTP/1.1" 200 58 "-" "PostmanRuntime/7.49.1"
2025-12-12 13:18:17 [info]: ::1 - - [12/Dec/2025:07:48:17 +0000] "POST /api/v1/auth/password/otp-verify HTTP/1.1" 200 330 "-" "PostmanRuntime/7.49.1"
2025-12-12 14:56:30 [info]: ::1 - - [12/Dec/2025:09:26:30 +0000] "POST /api/v1/auth/log-in HTTP/1.1" 500 78 "-" "PostmanRuntime/7.49.1"
2025-12-12 14:56:43 [info]: ::1 - - [12/Dec/2025:09:26:43 +0000] "POST /api/v1/auth/log-in HTTP/1.1" 200 444 "-" "PostmanRuntime/7.49.1"
2025-12-12 14:57:21 [info]: ::1 - - [12/Dec/2025:09:27:21 +0000] "POST /api/v1/auth/token/introspect HTTP/1.1" 401 50 "-" "PostmanRuntime/7.49.1"
2025-12-12 14:58:47 [info]: ::1 - - [12/Dec/2025:09:28:47 +0000] "POST /api/v1/auth/token/introspect HTTP/1.1" 200 184 "-" "PostmanRuntime/7.49.1"
2025-12-12 14:59:21 [info]: ::1 - - [12/Dec/2025:09:29:21 +0000] "POST /api/v1/auth/token/introspect HTTP/1.1" 200 184 "-" "PostmanRuntime/7.49.1"
2025-12-12 14:59:24 [info]: ::1 - - [12/Dec/2025:09:29:24 +0000] "POST /api/v1/auth/token/introspect HTTP/1.1" 200 184 "-" "PostmanRuntime/7.49.1"
2025-12-12 14:59:26 [info]: ::1 - - [12/Dec/2025:09:29:26 +0000] "POST /api/v1/auth/token/introspect HTTP/1.1" 200 184 "-" "PostmanRuntime/7.49.1"
2025-12-12 14:59:27 [info]: ::1 - - [12/Dec/2025:09:29:27 +0000] "POST /api/v1/auth/token/introspect HTTP/1.1" 200 185 "-" "PostmanRuntime/7.49.1"
2025-12-12 14:59:28 [info]: ::1 - - [12/Dec/2025:09:29:28 +0000] "POST /api/v1/auth/token/introspect HTTP/1.1" 200 172 "-" "PostmanRuntime/7.49.1"
2025-12-12 14:59:29 [info]: ::1 - - [12/Dec/2025:09:29:29 +0000] "POST /api/v1/auth/token/introspect HTTP/1.1" 200 185 "-" "PostmanRuntime/7.49.1"
2025-12-12 14:59:30 [info]: ::1 - - [12/Dec/2025:09:29:30 +0000] "POST /api/v1/auth/token/introspect HTTP/1.1" 200 184 "-" "PostmanRuntime/7.49.1"
2025-12-12 14:59:31 [info]: ::1 - - [12/Dec/2025:09:29:31 +0000] "POST /api/v1/auth/token/introspect HTTP/1.1" 200 171 "-" "PostmanRuntime/7.49.1"
2025-12-12 14:59:32 [info]: ::1 - - [12/Dec/2025:09:29:32 +0000] "POST /api/v1/auth/token/introspect HTTP/1.1" 200 184 "-" "PostmanRuntime/7.49.1"
2025-12-12 14:59:33 [info]: ::1 - - [12/Dec/2025:09:29:33 +0000] "POST /api/v1/auth/token/introspect HTTP/1.1" 200 185 "-" "PostmanRuntime/7.49.1"
2025-12-12 14:59:34 [info]: ::1 - - [12/Dec/2025:09:29:34 +0000] "POST /api/v1/auth/token/introspect HTTP/1.1" 200 172 "-" "PostmanRuntime/7.49.1"
2025-12-12 14:59:34 [info]: ::1 - - [12/Dec/2025:09:29:34 +0000] "POST /api/v1/auth/token/introspect HTTP/1.1" 200 172 "-" "PostmanRuntime/7.49.1"
2025-12-12 14:59:35 [info]: ::1 - - [12/Dec/2025:09:29:35 +0000] "POST /api/v1/auth/token/introspect HTTP/1.1" 200 184 "-" "PostmanRuntime/7.49.1"
2025-12-12 14:59:35 [info]: ::1 - - [12/Dec/2025:09:29:35 +0000] "POST /api/v1/auth/token/introspect HTTP/1.1" 200 184 "-" "PostmanRuntime/7.49.1"
2025-12-12 14:59:36 [info]: ::1 - - [12/Dec/2025:09:29:36 +0000] "POST /api/v1/auth/token/introspect HTTP/1.1" 200 184 "-" "PostmanRuntime/7.49.1"
2025-12-12 14:59:37 [info]: ::1 - - [12/Dec/2025:09:29:37 +0000] "POST /api/v1/auth/token/introspect HTTP/1.1" 200 171 "-" "PostmanRuntime/7.49.1"
2025-12-12 15:00:27 [info]: ::1 - - [12/Dec/2025:09:30:27 +0000] "POST /api/v1/auth/log-in HTTP/1.1" 200 444 "-" "PostmanRuntime/7.49.1"
2025-12-12 15:00:39 [info]: ::1 - - [12/Dec/2025:09:30:39 +0000] "POST /api/v1/auth/token/introspect HTTP/1.1" 200 171 "-" "PostmanRuntime/7.49.1"
2025-12-12 15:00:43 [info]: ::1 - - [12/Dec/2025:09:30:43 +0000] "POST /api/v1/auth/token/introspect HTTP/1.1" 200 185 "-" "PostmanRuntime/7.49.1"
2025-12-12 15:00:44 [info]: ::1 - - [12/Dec/2025:09:30:44 +0000] "POST /api/v1/auth/token/introspect HTTP/1.1" 200 184 "-" "PostmanRuntime/7.49.1"
2025-12-12 15:00:45 [info]: ::1 - - [12/Dec/2025:09:30:45 +0000] "POST /api/v1/auth/token/introspect HTTP/1.1" 200 171 "-" "PostmanRuntime/7.49.1"
2025-12-12 15:00:46 [info]: ::1 - - [12/Dec/2025:09:30:46 +0000] "POST /api/v1/auth/token/introspect HTTP/1.1" 200 184 "-" "PostmanRuntime/7.49.1"
2025-12-12 15:00:48 [info]: ::1 - - [12/Dec/2025:09:30:48 +0000] "POST /api/v1/auth/token/introspect HTTP/1.1" 200 172 "-" "PostmanRuntime/7.49.1"
2025-12-12 15:01:01 [info]: ::1 - - [12/Dec/2025:09:31:01 +0000] "POST /api/v1/auth/token/introspect HTTP/1.1" 200 171 "-" "PostmanRuntime/7.49.1"
2025-12-12 15:01:05 [info]: ::1 - - [12/Dec/2025:09:31:05 +0000] "POST /api/v1/auth/token/introspect HTTP/1.1" 200 184 "-" "PostmanRuntime/7.49.1"
2025-12-12 15:01:06 [info]: ::1 - - [12/Dec/2025:09:31:06 +0000] "POST /api/v1/auth/token/introspect HTTP/1.1" 200 184 "-" "PostmanRuntime/7.49.1"
2025-12-12 15:01:08 [info]: ::1 - - [12/Dec/2025:09:31:08 +0000] "POST /api/v1/auth/token/introspect HTTP/1.1" 200 185 "-" "PostmanRuntime/7.49.1"
2025-12-12 15:01:09 [info]: ::1 - - [12/Dec/2025:09:31:09 +0000] "POST /api/v1/auth/token/introspect HTTP/1.1" 200 184 "-" "PostmanRuntime/7.49.1"
2025-12-12 15:01:10 [info]: ::1 - - [12/Dec/2025:09:31:10 +0000] "POST /api/v1/auth/token/introspect HTTP/1.1" 200 172 "-" "PostmanRuntime/7.49.1"
2025-12-12 15:01:11 [info]: ::1 - - [12/Dec/2025:09:31:11 +0000] "POST /api/v1/auth/token/introspect HTTP/1.1" 200 184 "-" "PostmanRuntime/7.49.1"
2025-12-12 15:01:12 [info]: ::1 - - [12/Dec/2025:09:31:12 +0000] "POST /api/v1/auth/token/introspect HTTP/1.1" 200 185 "-" "PostmanRuntime/7.49.1"
2025-12-12 15:01:13 [info]: ::1 - - [12/Dec/2025:09:31:13 +0000] "POST /api/v1/auth/token/introspect HTTP/1.1" 200 171 "-" "PostmanRuntime/7.49.1"
2025-12-12 15:01:14 [info]: ::1 - - [12/Dec/2025:09:31:14 +0000] "POST /api/v1/auth/token/introspect HTTP/1.1" 200 185 "-" "PostmanRuntime/7.49.1"
2025-12-12 15:01:15 [info]: ::1 - - [12/Dec/2025:09:31:15 +0000] "POST /api/v1/auth/token/introspect HTTP/1.1" 200 184 "-" "PostmanRuntime/7.49.1"
2025-12-12 15:01:23 [info]: ::1 - - [12/Dec/2025:09:31:23 +0000] "POST /api/v1/auth/token/introspect HTTP/1.1" 200 184 "-" "PostmanRuntime/7.49.1"
2025-12-12 15:01:24 [info]: ::1 - - [12/Dec/2025:09:31:24 +0000] "POST /api/v1/auth/token/introspect HTTP/1.1" 200 172 "-" "PostmanRuntime/7.49.1"
2025-12-12 15:01:25 [info]: ::1 - - [12/Dec/2025:09:31:25 +0000] "POST /api/v1/auth/token/introspect HTTP/1.1" 200 184 "-" "PostmanRuntime/7.49.1"
2025-12-12 15:01:26 [info]: ::1 - - [12/Dec/2025:09:31:26 +0000] "POST /api/v1/auth/token/introspect HTTP/1.1" 200 185 "-" "PostmanRuntime/7.49.1"
2025-12-12 15:01:27 [info]: ::1 - - [12/Dec/2025:09:31:27 +0000] "POST /api/v1/auth/token/introspect HTTP/1.1" 200 169 "-" "PostmanRuntime/7.49.1"
2025-12-12 15:01:28 [info]: ::1 - - [12/Dec/2025:09:31:28 +0000] "POST /api/v1/auth/token/introspect HTTP/1.1" 200 185 "-" "PostmanRuntime/7.49.1"
2025-12-12 15:01:29 [info]: ::1 - - [12/Dec/2025:09:31:29 +0000] "POST /api/v1/auth/token/introspect HTTP/1.1" 200 184 "-" "PostmanRuntime/7.49.1"
2025-12-12 15:01:34 [info]: ::1 - - [12/Dec/2025:09:31:34 +0000] "POST /api/v1/auth/token/introspect HTTP/1.1" 200 184 "-" "PostmanRuntime/7.49.1"
2025-12-12 15:01:40 [info]: ::1 - - [12/Dec/2025:09:31:40 +0000] "POST /api/v1/auth/token/introspect HTTP/1.1" 200 172 "-" "PostmanRuntime/7.49.1"
2025-12-12 15:04:51 [info]: ::1 - - [12/Dec/2025:09:34:51 +0000] "PUT /api/v1/agent/profile HTTP/1.1" 200 322 "-" "PostmanRuntime/7.49.1"
2025-12-12 15:05:22 [info]: ::1 - - [12/Dec/2025:09:35:22 +0000] "PUT /api/v1/agent/profile HTTP/1.1" 403 38 "-" "PostmanRuntime/7.49.1"
2025-12-12 15:05:38 [info]: ::1 - - [12/Dec/2025:09:35:38 +0000] "POST /api/v1/auth/token/introspect HTTP/1.1" 200 184 "-" "PostmanRuntime/7.49.1"
2025-12-12 15:06:00 [info]: ::1 - - [12/Dec/2025:09:36:00 +0000] "PUT /api/v1/agent/profile HTTP/1.1" 200 317 "-" "PostmanRuntime/7.49.1"
2025-12-12 15:06:30 [info]: ::1 - - [12/Dec/2025:09:36:30 +0000] "POST /api/v1/auth/token/introspect HTTP/1.1" 200 184 "-" "PostmanRuntime/7.49.1"
2025-12-12 15:06:45 [info]: ::1 - - [12/Dec/2025:09:36:45 +0000] "PUT /api/v1/agent/profile HTTP/1.1" 200 317 "-" "PostmanRuntime/7.49.1"
2025-12-12 15:06:55 [info]: ::1 - - [12/Dec/2025:09:36:55 +0000] "PUT /api/v1/agent/profile HTTP/1.1" 200 320 "-" "PostmanRuntime/7.49.1"
2025-12-12 15:07:15 [info]: ::1 - - [12/Dec/2025:09:37:15 +0000] "POST /api/v1/auth/token/introspect HTTP/1.1" 200 171 "-" "PostmanRuntime/7.49.1"
2025-12-12 15:07:40 [info]: ::1 - - [12/Dec/2025:09:37:40 +0000] "PUT /api/v1/agent/profile HTTP/1.1" 200 320 "-" "PostmanRuntime/7.49.1"
2025-12-12 15:07:48 [info]: ::1 - - [12/Dec/2025:09:37:48 +0000] "PUT /api/v1/agent/profile HTTP/1.1" 200 322 "-" "PostmanRuntime/7.49.1"
2025-12-12 15:08:45 [info]: ::1 - - [12/Dec/2025:09:38:45 +0000] "PUT /api/v1/agent/profile HTTP/1.1" 200 320 "-" "PostmanRuntime/7.49.1"
2025-12-12 15:11:20 [info]: ::1 - - [12/Dec/2025:09:41:20 +0000] "POST /api/v1/auth/token/introspect HTTP/1.1" 200 184 "-" "PostmanRuntime/7.49.1"
2025-12-12 15:12:16 [info]: ::1 - - [12/Dec/2025:09:42:16 +0000] "POST /api/v1/auth/log-in HTTP/1.1" 200 444 "-" "PostmanRuntime/7.49.1"
2025-12-12 15:15:10 [info]: ::1 - - [12/Dec/2025:09:45:10 +0000] "POST /api/v1/auth/refresh-token HTTP/1.1" 200 348 "-" "PostmanRuntime/7.49.1"
2025-12-12 15:16:56 [info]: ::1 - - [12/Dec/2025:09:46:56 +0000] "POST /api/v1/auth/refresh-token HTTP/1.1" 401 44 "-" "PostmanRuntime/7.49.1"
2025-12-12 15:17:15 [info]: ::1 - - [12/Dec/2025:09:47:15 +0000] "POST /api/v1/auth/refresh-token HTTP/1.1" 401 44 "-" "PostmanRuntime/7.49.1"
2025-12-12 15:18:05 [info]: ::1 - - [12/Dec/2025:09:48:05 +0000] "POST /api/v1/auth/refresh-token HTTP/1.1" 401 44 "-" "PostmanRuntime/7.49.1"
2025-12-12 15:20:48 [info]: ::1 - - [12/Dec/2025:09:50:48 +0000] "POST /api/v1/auth/log-in HTTP/1.1" 200 444 "-" "PostmanRuntime/7.49.1"
2025-12-12 15:22:06 [info]: ::1 - - [12/Dec/2025:09:52:06 +0000] "POST /api/v1/auth/refresh-token HTTP/1.1" 200 348 "-" "PostmanRuntime/7.49.1"
2025-12-12 15:22:48 [info]: ::1 - - [12/Dec/2025:09:52:48 +0000] "PUT /api/v1/agent/profile HTTP/1.1" 200 322 "-" "PostmanRuntime/7.49.1"
2025-12-12 15:23:29 [info]: ::1 - - [12/Dec/2025:09:53:29 +0000] "POST /api/v1/auth/token/introspect HTTP/1.1" 200 184 "-" "PostmanRuntime/7.49.1"
2025-12-12 15:23:39 [info]: ::1 - - [12/Dec/2025:09:53:39 +0000] "POST /api/v1/auth/token/introspect HTTP/1.1" 200 185 "-" "PostmanRuntime/7.49.1"
2025-12-12 15:23:47 [info]: ::1 - - [12/Dec/2025:09:53:47 +0000] "POST /api/v1/auth/token/introspect HTTP/1.1" 200 185 "-" "PostmanRuntime/7.49.1"
2025-12-15 10:40:34 [info]: ::1 - - [15/Dec/2025:05:10:34 +0000] "POST /api/v1/otp/request-otp HTTP/1.1" 200 436 "-" "PostmanRuntime/7.49.1"
2025-12-15 10:41:16 [info]: ::1 - - [15/Dec/2025:05:11:16 +0000] "POST /api/v1/otp/verify-otp HTTP/1.1" 200 39 "-" "PostmanRuntime/7.49.1"
2025-12-15 10:42:10 [info]: ::1 - - [15/Dec/2025:05:12:10 +0000] "POST /api/v1/otp/request-otp HTTP/1.1" 400 40 "-" "PostmanRuntime/7.49.1"
2025-12-15 10:43:52 [info]: ::1 - - [15/Dec/2025:05:13:52 +0000] "POST /api/v1/otp/request-otp HTTP/1.1" 200 130 "-" "PostmanRuntime/7.49.1"
2025-12-15 10:43:52 [error]: Error [ERR_HTTP_HEADERS_SENT]: Cannot set headers after they are sent to the client
    at ServerResponse.setHeader (node:_http_outgoing:700:11)
    at ServerResponse.header (C:\Users\shama\HitouchCx_Backend\node_modules\express\lib\response.js:684:10)
    at ServerResponse.send (C:\Users\shama\HitouchCx_Backend\node_modules\express\lib\response.js:161:12)
    at ServerResponse.json (C:\Users\shama\HitouchCx_Backend\node_modules\express\lib\response.js:250:15)
    at requestOtp (file:///C:/Users/shama/HitouchCx_Backend/src/controllers/v1/auth/otp.controller.js:123:25)
    at process.processTicksAndRejections (node:internal/process/task_queues:105:5)
2025-12-15 10:44:17 [info]: ::1 - - [15/Dec/2025:05:14:17 +0000] "POST /api/v1/otp/verify-otp HTTP/1.1" 200 70 "-" "PostmanRuntime/7.49.1"
2025-12-15 10:45:11 [info]: ::1 - - [15/Dec/2025:05:15:11 +0000] "POST /api/v1/auth/sign-up HTTP/1.1" 200 449 "-" "PostmanRuntime/7.49.1"
2025-12-15 10:49:17 [info]: ::1 - - [15/Dec/2025:05:19:17 +0000] "POST /api/v1/otp/request-otp HTTP/1.1" 200 436 "-" "PostmanRuntime/7.49.1"
2025-12-15 10:51:51 [info]: ::1 - - [15/Dec/2025:05:21:51 +0000] "POST /api/v1/otp/verify-otp HTTP/1.1" 200 39 "-" "PostmanRuntime/7.49.1"
2025-12-15 10:52:32 [info]: ::1 - - [15/Dec/2025:05:22:32 +0000] "POST /api/v1/otp/request-otp HTTP/1.1" 400 40 "-" "PostmanRuntime/7.49.1"
2025-12-15 10:52:48 [info]: ::1 - - [15/Dec/2025:05:22:48 +0000] "POST /api/v1/otp/request-otp HTTP/1.1" 200 130 "-" "PostmanRuntime/7.49.1"
2025-12-15 10:52:49 [error]: Error [ERR_HTTP_HEADERS_SENT]: Cannot set headers after they are sent to the client
    at ServerResponse.setHeader (node:_http_outgoing:700:11)
    at ServerResponse.header (C:\Users\shama\HitouchCx_Backend\node_modules\express\lib\response.js:684:10)
    at ServerResponse.send (C:\Users\shama\HitouchCx_Backend\node_modules\express\lib\response.js:161:12)
    at ServerResponse.json (C:\Users\shama\HitouchCx_Backend\node_modules\express\lib\response.js:250:15)
    at requestOtp (file:///C:/Users/shama/HitouchCx_Backend/src/controllers/v1/auth/otp.controller.js:123:25)
    at process.processTicksAndRejections (node:internal/process/task_queues:105:5)
2025-12-15 10:53:09 [info]: ::1 - - [15/Dec/2025:05:23:09 +0000] "POST /api/v1/otp/verify-otp HTTP/1.1" 200 70 "-" "PostmanRuntime/7.49.1"
2025-12-15 10:53:53 [info]: ::1 - - [15/Dec/2025:05:23:53 +0000] "POST /api/v1/auth/sign-up HTTP/1.1" 200 449 "-" "PostmanRuntime/7.49.1"
2025-12-15 10:58:55 [info]: ::1 - - [15/Dec/2025:05:28:55 +0000] "POST /api/v1/auth/log-in HTTP/1.1" 401 50 "-" "PostmanRuntime/7.49.1"
2025-12-15 10:59:08 [info]: ::1 - - [15/Dec/2025:05:29:08 +0000] "POST /api/v1/auth/log-in HTTP/1.1" 200 442 "-" "PostmanRuntime/7.49.1"
2025-12-15 10:59:22 [info]: ::1 - - [15/Dec/2025:05:29:22 +0000] "POST /api/v1/auth/token/introspect HTTP/1.1" 200 184 "-" "PostmanRuntime/7.49.1"
2025-12-15 10:59:38 [info]: ::1 - - [15/Dec/2025:05:29:38 +0000] "POST /api/v1/auth/token/introspect HTTP/1.1" 401 50 "-" "PostmanRuntime/7.49.1"
2025-12-15 12:32:17 [info]: ::1 - - [15/Dec/2025:07:02:17 +0000] "GET /api/v1/opportunity/agent-opportunities?agentId=cmi5uzu8w0001o420uoclv9oz&limit=10 HTTP/1.1" 200 173 "-" "PostmanRuntime/7.49.1"
2025-12-15 12:38:23 [info]: ::1 - - [15/Dec/2025:07:08:23 +0000] "GET /api/v1/opportunity/agent-opportunities?agentId=cmi5uzu8w0001o420uoclv9oz&limit=10 HTTP/1.1" 200 - "-" "PostmanRuntime/7.49.1"
2025-12-15 12:45:29 [info]: ::1 - - [15/Dec/2025:07:15:29 +0000] "GET /api/v1/opportunity/agent-opportunities?agentId=cmi5uzu8w0001o420uoclv9oz&limit=10 HTTP/1.1" 200 - "-" "PostmanRuntime/7.49.1"
2025-12-15 12:45:49 [info]: ::1 - - [15/Dec/2025:07:15:49 +0000] "GET /api/v1/opportunity/agent-opportunities?agentId=cmi5uzu8w0001o420uoclv9oz&limit=100 HTTP/1.1" 200 - "-" "PostmanRuntime/7.49.1"
2025-12-15 12:45:58 [info]: ::1 - - [15/Dec/2025:07:15:58 +0000] "GET /api/v1/opportunity/agent-opportunities?agentId=cmi5uzu8w0001o420uoclv9oz&limit=5 HTTP/1.1" 200 - "-" "PostmanRuntime/7.49.1"
2025-12-15 12:46:13 [info]: ::1 - - [15/Dec/2025:07:16:13 +0000] "GET /api/v1/opportunity/agent-opportunities?agentId=cmi5uzu8w0001o420uoclv9oz&limit=2 HTTP/1.1" 200 930 "-" "PostmanRuntime/7.49.1"
2025-12-15 12:46:24 [info]: ::1 - - [15/Dec/2025:07:16:24 +0000] "GET /api/v1/opportunity/agent-opportunities?agentId=cmi5uzu8w0001o420uoclv9oz&limit=10 HTTP/1.1" 200 - "-" "PostmanRuntime/7.49.1"
2025-12-15 12:47:27 [info]: ::1 - - [15/Dec/2025:07:17:27 +0000] "GET /api/v1/opportunity/agent-opportunities?agentId=cmi5uzu8w0001o420uoclv9oz&limit=10 HTTP/1.1" 200 - "-" "PostmanRuntime/7.49.1"
2025-12-15 12:47:38 [info]: ::1 - - [15/Dec/2025:07:17:38 +0000] "GET /api/v1/opportunity/agent-opportunities?agentId=cmi5uzu8w0001o420uoclv9oz&limit=50 HTTP/1.1" 200 - "-" "PostmanRuntime/7.49.1"
2025-12-15 12:48:07 [info]: ::1 - - [15/Dec/2025:07:18:07 +0000] "GET /api/v1/opportunity/agent-opportunities?agentId=cmi5uzu8w0001o420uoclv9oz&limit=5 HTTP/1.1" 200 - "-" "PostmanRuntime/7.49.1"
2025-12-15 12:48:30 [info]: ::1 - - [15/Dec/2025:07:18:30 +0000] "GET /api/v1/opportunity/agent-opportunities?agentId=cmi5uzu8w0001o420uoclv9oz&limit=11 HTTP/1.1" 200 - "-" "PostmanRuntime/7.49.1"
2025-12-15 12:48:43 [info]: ::1 - - [15/Dec/2025:07:18:43 +0000] "GET /api/v1/opportunity/agent-opportunities?agentId=cmi5uzu8w0001o420uoclv9oz&limit=10 HTTP/1.1" 200 - "-" "PostmanRuntime/7.49.1"
2025-12-15 12:50:45 [info]: ::1 - - [15/Dec/2025:07:20:45 +0000] "GET /api/v1/opportunity/agent-opportunities?agentId=cmi5uzu8w0001o420uoclv9oz&limit=10 HTTP/1.1" 200 - "-" "PostmanRuntime/7.49.1"
2025-12-15 12:51:46 [info]: ::1 - - [15/Dec/2025:07:21:46 +0000] "GET /api/v1/opportunity/agent-opportunities?agentId=cmi5uzu8w0001o420uoclv9oz&limit=10 HTTP/1.1" 200 - "-" "PostmanRuntime/7.49.1"
2025-12-15 12:52:28 [info]: ::1 - - [15/Dec/2025:07:22:28 +0000] "GET /api/v1/opportunity/agent-opportunities?agentId=cmi5uzu8w0001o420uoclv9oz&limit=10 HTTP/1.1" 200 - "-" "PostmanRuntime/7.49.1"
2025-12-15 12:52:34 [info]: ::1 - - [15/Dec/2025:07:22:34 +0000] "GET /api/v1/opportunity/agent-opportunities?agentId=cmi5uzu8w0001o420uoclv9oz&limit=10 HTTP/1.1" 200 - "-" "PostmanRuntime/7.49.1"
2025-12-15 12:52:54 [info]: ::1 - - [15/Dec/2025:07:22:54 +0000] "GET /api/v1/opportunity/agent-opportunities?agentId=cmi5uzu8w0001o420uoclv9oz&limit=10 HTTP/1.1" 200 - "-" "PostmanRuntime/7.49.1"
2025-12-15 12:53:34 [info]: ::1 - - [15/Dec/2025:07:23:34 +0000] "GET /api/v1/opportunity/agent-opportunities?agentId=cmi5uzu8w0001o420uoclv9oz&limit=10 HTTP/1.1" 200 - "-" "PostmanRuntime/7.49.1"
2025-12-15 12:54:02 [info]: ::1 - - [15/Dec/2025:07:24:02 +0000] "GET /api/v1/opportunity/agent-opportunities?agentId=cmi5uzu8w0001o420uoclv9oz&limit=10 HTTP/1.1" 200 548 "-" "PostmanRuntime/7.49.1"
2025-12-15 12:54:52 [info]: ::1 - - [15/Dec/2025:07:24:52 +0000] "GET /api/v1/opportunity/agent-opportunities?agentId=cmi5uzu8w0001o420uoclv9oz&limit=10 HTTP/1.1" 200 - "-" "PostmanRuntime/7.49.1"
2025-12-15 12:56:36 [info]: ::1 - - [15/Dec/2025:07:26:36 +0000] "GET /api/v1/opportunity/agent-opportunities?agentId=cmiztdwv5001v0i8w28cnnihl&limit=10 HTTP/1.1" 200 173 "-" "PostmanRuntime/7.49.1"
2025-12-15 15:41:36 [info]: ::1 - - [15/Dec/2025:10:11:36 +0000] "POST /api/v1/auth/log-in HTTP/1.1" 200 444 "-" "PostmanRuntime/7.49.1"
2025-12-15 15:45:19 [info]: ::1 - - [15/Dec/2025:10:15:19 +0000] "GET /api/v1/agent/onboardProgress HTTP/1.1" 200 189 "-" "PostmanRuntime/7.49.1"
2025-12-15 15:48:15 [info]: ::1 - - [15/Dec/2025:10:18:15 +0000] "GET /api/v1/agent/onboardProgress HTTP/1.1" 200 192 "-" "PostmanRuntime/7.49.1"
2025-12-15 15:48:22 [info]: ::1 - - [15/Dec/2025:10:18:22 +0000] "GET /api/v1/agent/onboardProgress HTTP/1.1" 403 38 "-" "PostmanRuntime/7.49.1"
2025-12-15 15:48:30 [info]: ::1 - - [15/Dec/2025:10:18:30 +0000] "GET /api/v1/agent/onboardProgress HTTP/1.1" 200 192 "-" "PostmanRuntime/7.49.1"
2025-12-15 15:48:36 [info]: ::1 - - [15/Dec/2025:10:18:36 +0000] "GET /api/v1/agent/onboardProgress HTTP/1.1" 403 38 "-" "PostmanRuntime/7.49.1"
2025-12-15 15:48:42 [info]: ::1 - - [15/Dec/2025:10:18:42 +0000] "GET /api/v1/agent/onboardProgress HTTP/1.1" 200 192 "-" "PostmanRuntime/7.49.1"
2025-12-15 15:49:45 [info]: ::1 - - [15/Dec/2025:10:19:45 +0000] "GET /api/v1/agent/onboardProgress HTTP/1.1" 200 191 "-" "PostmanRuntime/7.49.1"
2025-12-15 15:49:48 [info]: ::1 - - [15/Dec/2025:10:19:48 +0000] "GET /api/v1/agent/onboardProgress HTTP/1.1" 200 191 "-" "PostmanRuntime/7.49.1"
2025-12-15 15:50:08 [info]: ::1 - - [15/Dec/2025:10:20:08 +0000] "GET /api/v1/agent/onboardProgress HTTP/1.1" 200 191 "-" "PostmanRuntime/7.49.1"
2025-12-15 15:50:59 [info]: ::1 - - [15/Dec/2025:10:20:59 +0000] "GET /api/v1/agent/onboardProgress HTTP/1.1" 200 204 "-" "PostmanRuntime/7.49.1"
2025-12-15 15:51:36 [info]: ::1 - - [15/Dec/2025:10:21:36 +0000] "GET /api/v1/agent/onboardProgress HTTP/1.1" 200 198 "-" "PostmanRuntime/7.49.1"
2025-12-15 15:51:54 [info]: ::1 - - [15/Dec/2025:10:21:54 +0000] "GET /api/v1/agent/onboardProgress HTTP/1.1" 200 198 "-" "PostmanRuntime/7.49.1"
2025-12-15 15:52:11 [info]: ::1 - - [15/Dec/2025:10:22:11 +0000] "GET /api/v1/agent/onboardProgress HTTP/1.1" 200 195 "-" "PostmanRuntime/7.49.1"
2025-12-15 15:52:33 [info]: ::1 - - [15/Dec/2025:10:22:33 +0000] "GET /api/v1/agent/onboardProgress HTTP/1.1" 200 197 "-" "PostmanRuntime/7.49.1"
2025-12-15 15:52:53 [info]: ::1 - - [15/Dec/2025:10:22:53 +0000] "GET /api/v1/agent/onboardProgress HTTP/1.1" 200 205 "-" "PostmanRuntime/7.49.1"
2025-12-15 15:53:09 [info]: ::1 - - [15/Dec/2025:10:23:09 +0000] "GET /api/v1/agent/onboardProgress HTTP/1.1" 200 199 "-" "PostmanRuntime/7.49.1"
2025-12-15 15:54:15 [info]: ::1 - - [15/Dec/2025:10:24:15 +0000] "GET /api/v1/agent/onboardProgress HTTP/1.1" 200 195 "-" "PostmanRuntime/7.49.1"
2025-12-15 15:54:23 [info]: ::1 - - [15/Dec/2025:10:24:23 +0000] "GET /api/v1/agent/onboardProgress HTTP/1.1" 200 197 "-" "PostmanRuntime/7.49.1"
2025-12-15 15:55:39 [info]: ::1 - - [15/Dec/2025:10:25:39 +0000] "GET /api/v1/agent/onboardProgress HTTP/1.1" 200 192 "-" "PostmanRuntime/7.49.1"
2025-12-15 15:56:18 [info]: ::1 - - [15/Dec/2025:10:26:18 +0000] "POST /api/v1/auth/token/introspect HTTP/1.1" 200 184 "-" "PostmanRuntime/7.49.1"
2025-12-15 16:01:00 [info]: ::1 - - [15/Dec/2025:10:31:00 +0000] "POST /api/v1/auth/token/introspect HTTP/1.1" 200 185 "-" "PostmanRuntime/7.49.1"
2025-12-15 16:01:04 [info]: ::1 - - [15/Dec/2025:10:31:04 +0000] "POST /api/v1/auth/token/introspect HTTP/1.1" 401 50 "-" "PostmanRuntime/7.49.1"
2025-12-15 16:01:06 [info]: ::1 - - [15/Dec/2025:10:31:06 +0000] "POST /api/v1/auth/token/introspect HTTP/1.1" 200 185 "-" "PostmanRuntime/7.49.1"
2025-12-15 16:09:35 [info]: ::1 - - [15/Dec/2025:10:39:35 +0000] "GET /api/v1/agent/onboardProgress HTTP/1.1" 200 192 "-" "PostmanRuntime/7.49.1"
2025-12-15 16:20:04 [info]: ::1 - - [15/Dec/2025:10:50:04 +0000] "POST /api/v1/auth/token/introspect HTTP/1.1" 200 185 "-" "PostmanRuntime/7.49.1"
2025-12-15 16:20:08 [info]: ::1 - - [15/Dec/2025:10:50:08 +0000] "POST /api/v1/auth/token/introspect HTTP/1.1" 401 50 "-" "PostmanRuntime/7.49.1"
2025-12-15 16:25:30 [info]: ::1 - - [15/Dec/2025:10:55:30 +0000] "POST /api/v1/auth/token/introspect HTTP/1.1" 401 50 "-" "PostmanRuntime/7.49.1"
2025-12-15 16:25:44 [info]: ::1 - - [15/Dec/2025:10:55:44 +0000] "POST /api/v1/auth/token/introspect HTTP/1.1" 200 171 "-" "PostmanRuntime/7.49.1"
2025-12-15 17:43:26 [info]: ::1 - - [15/Dec/2025:12:13:26 +0000] "POST /api/v1/auth/log-in HTTP/1.1" 200 444 "-" "PostmanRuntime/7.51.0"
2025-12-15 17:43:58 [info]: ::1 - - [15/Dec/2025:12:13:58 +0000] "POST /api/v1/auth/token/introspect HTTP/1.1" 200 172 "-" "PostmanRuntime/7.51.0"
